[2022-05-18 14:26:57,544 INFO] 
              precision    recall  f1-score   support

           0       1.00      1.00      1.00      5422
           1       0.82      1.00      0.90      5407
           2       1.00      0.24      0.39      5615
           3       0.16      0.93      0.27       489
           4       0.13      0.73      0.22       494
           5       0.00      0.00      0.00      1549

    accuracy                           0.69     18976
   macro avg       0.52      0.65      0.46     18976
weighted avg       0.82      0.69      0.67     18976

[2022-05-18 14:26:57,554 INFO] 
[[5422    0    0    0    0    0]
 [   0 5407    0    0    0    0]
 [   0  164 1355 2294 1802    0]
 [   0   34    0  455    0    0]
 [   0  134    0    0  360    0]
 [   0  864    5  121  559    0]]
[2022-05-18 14:48:03,744 INFO] 
              precision    recall  f1-score   support

           0       1.00      1.00      1.00      5422
           1       0.82      1.00      0.90      5407
           2       1.00      0.22      0.36      5615
           3       0.15      0.92      0.26       489
           4       0.13      0.72      0.22       494
           5       0.00      0.00      0.00      1549

    accuracy                           0.68     18976
   macro avg       0.52      0.64      0.46     18976
weighted avg       0.82      0.68      0.66     18976

[2022-05-18 14:48:03,752 INFO] 
[[5422    0    0    0    0    0]
 [   0 5407    0    0    0    0]
 [   0  163 1218 2438 1796    0]
 [   0   37    1  451    0    0]
 [   0  137    0    0  357    0]
 [   0  816    5  137  591    0]]
[2022-05-18 14:49:40,122 INFO] 
              precision    recall  f1-score   support

           0       1.00      1.00      1.00      5422
           1       0.82      1.00      0.90      5407
           2       1.00      0.25      0.40      5615
           3       0.16      0.93      0.27       489
           4       0.13      0.73      0.22       494
           5       0.00      0.00      0.00      1549

    accuracy                           0.69     18976
   macro avg       0.52      0.65      0.47     18976
weighted avg       0.82      0.69      0.67     18976

[2022-05-18 14:49:40,127 INFO] 
[[5422    0    0    0    0    0]
 [   0 5407    0    0    0    0]
 [   0  177 1406 2295 1737    0]
 [   0   34    0  455    0    0]
 [   0  135    0    0  359    0]
 [   0  817    3  127  602    0]]
[2022-05-21 11:13:36,471 INFO] 
              precision    recall  f1-score   support

           0       1.00      1.00      1.00      5422
           1       0.78      0.82      0.80      5407
           2       0.56      0.23      0.32      5615
           3       0.15      0.93      0.26       489
           4       0.13      0.69      0.22       494
           5       0.00      0.00      0.00      1549

    accuracy                           0.63     18976
   macro avg       0.44      0.61      0.43     18976
weighted avg       0.68      0.63      0.62     18976

[2022-05-21 11:13:36,471 INFO] 
[[5422    0    0    0    0    0]
 [   0 4435  972    0    0    0]
 [   0  164 1274 2457 1720    0]
 [   0   26    9  454    0    0]
 [   0  155    0    0  339    0]
 [   0  918    8  123  500    0]]
[2022-05-28 15:02:11,157 INFO] 
              precision    recall  f1-score   support

           0       0.76      1.00      0.86       477
           1       0.65      1.00      0.79       503
           2       0.66      0.44      0.53       528
           3       0.40      0.74      0.52       240
           4       0.00      0.00      0.00        94
           5       0.49      0.10      0.16       474

    accuracy                           0.62      2316
   macro avg       0.50      0.55      0.48      2316
weighted avg       0.59      0.62      0.56      2316

[2022-05-28 15:02:11,157 INFO] 
[[477   0   0   0   0   0]
 [  0 503   0   0   0   0]
 [ 41 100 232 124  23   8]
 [  3   9   0 177  12  39]
 [  0  94   0   0   0   0]
 [105  62 117 144   0  46]]
[2022-05-30 09:58:45,504 INFO] 
              precision    recall  f1-score   support

           0       0.69      0.92      0.79      1031
           1       0.71      1.00      0.83      1057
           2       0.51      0.38      0.44       977
           3       0.68      0.93      0.79       801
           4       0.99      0.83      0.90       557
           5       1.00      0.21      0.35       922

    accuracy                           0.71      5345
   macro avg       0.76      0.71      0.68      5345
weighted avg       0.74      0.71      0.67      5345

[2022-05-30 09:58:45,509 INFO] 
[[ 945   86    0    0    0    0]
 [   0 1057    0    0    0    0]
 [ 186  159  376  256    0    0]
 [  16   36    0  743    6    0]
 [   0   94    0    0  463    0]
 [ 213   58  367   91    0  193]]
[2022-05-30 10:17:53,876 INFO] 
              precision    recall  f1-score   support

           0       0.76      0.91      0.83      1032
           1       0.78      1.00      0.87       997
           2       0.55      0.26      0.35       936
           3       0.63      0.94      0.76       903
           4       0.65      0.80      0.72       579
           5       0.59      0.25      0.35       966

    accuracy                           0.69      5413
   macro avg       0.66      0.69      0.65      5413
weighted avg       0.66      0.69      0.65      5413

[2022-05-30 10:17:53,881 INFO] 
[[944  73   4  11   0   0]
 [  0 997   0   0   0   0]
 [147  99 244 201  82 163]
 [  1  35  11 845   9   2]
 [  0   0   0 116 463   0]
 [150  78 188 159 153 238]]
[2022-05-30 10:18:05,179 INFO] 
              precision    recall  f1-score   support

           0       0.77      0.92      0.84      1032
           1       0.80      1.00      0.89       997
           2       0.58      0.26      0.36       936
           3       0.62      0.95      0.75       903
           4       0.64      0.80      0.71       579
           5       0.62      0.28      0.38       966

    accuracy                           0.70      5413
   macro avg       0.67      0.70      0.65      5413
weighted avg       0.68      0.70      0.65      5413

[2022-05-30 10:18:05,184 INFO] 
[[946  71   0  15   0   0]
 [  0 997   0   0   0   0]
 [135  84 241 236  80 160]
 [  1  28   4 855  12   3]
 [  0   0   0 116 463   0]
 [148  69 170 146 166 267]]
