[2022-05-21 21:10:02,922 INFO] 
              precision    recall  f1-score   support

           0       0.98      1.00      0.99      5442
           1       0.87      1.00      0.93      5427
           2       0.76      0.32      0.45      5755
           3       0.13      0.99      0.23       589
           4       0.58      0.70      0.64       594
           5       0.00      0.00      0.00      1609

    accuracy                           0.71     19416
   macro avg       0.55      0.67      0.54     19416
weighted avg       0.76      0.71      0.70     19416

[2022-05-21 21:10:02,932 INFO] 
[[5442    0    0    0    0    0]
 [   0 5427    0    0    0    0]
 [  97  602 1854 2920  282    0]
 [   0    3    0  586    0    0]
 [   0   88   10   78  418    0]
 [  25  151  572  844   17    0]]
[2022-05-21 21:10:11,413 INFO] 
              precision    recall  f1-score   support

           0       0.99      1.00      1.00      5442
           1       0.96      1.00      0.98      5427
           2       0.76      0.47      0.58      5755
           3       0.17      1.00      0.29       589
           4       0.39      0.84      0.53       594
           5       0.00      0.00      0.00      1609

    accuracy                           0.76     19416
   macro avg       0.55      0.72      0.56     19416
weighted avg       0.79      0.76      0.75     19416

[2022-05-21 21:10:11,422 INFO] 
[[5442    0    0    0    0    0]
 [   0 5425    0    2    0    0]
 [  27  132 2725 2240  631    0]
 [   0    1    0  588    0    0]
 [   0   18    6   72  498    0]
 [   5   56  843  565  140    0]]
[2022-05-21 21:10:20,157 INFO] 
              precision    recall  f1-score   support

           0       1.00      1.00      1.00      5442
           1       0.00      0.00      0.00      5427
           2       0.79      0.51      0.62      5755
           3       0.07      1.00      0.12       589
           4       0.38      0.84      0.52       594
           5       0.00      0.00      0.00      1609

    accuracy                           0.49     19416
   macro avg       0.37      0.56      0.38     19416
weighted avg       0.53      0.49      0.48     19416

[2022-05-21 21:10:20,163 INFO] 
[[5442    0    0    0    0    0]
 [   0    0    0 5427    0    0]
 [  13   71 2914 2163  594    0]
 [   0    0    0  589    0    0]
 [   0    3    3   92  496    0]
 [   4   48  758  579  220    0]]
[2022-05-21 21:10:29,033 INFO] 
              precision    recall  f1-score   support

           0       1.00      1.00      1.00      5442
           1       0.00      0.00      0.00      5427
           2       0.80      0.50      0.62      5755
           3       0.07      1.00      0.13       589
           4       0.32      0.84      0.46       594
           5       0.00      0.00      0.00      1609

    accuracy                           0.49     19416
   macro avg       0.36      0.56      0.37     19416
weighted avg       0.53      0.49      0.48     19416

[2022-05-21 21:10:29,042 INFO] 
[[5442    0    0    0    0    0]
 [   0    0    0 5427    0    0]
 [   6   59 2905 2077  708    0]
 [   0    0    0  589    0    0]
 [   0    2    2   93  497    0]
 [   2   47  732  477  351    0]]
[2022-05-21 21:10:37,433 INFO] 
              precision    recall  f1-score   support

           0       1.00      1.00      1.00      5442
           1       0.00      0.00      0.00      5427
           2       0.80      0.50      0.61      5755
           3       0.07      1.00      0.13       589
           4       0.33      0.84      0.48       594
           5       0.00      0.00      0.00      1609

    accuracy                           0.48     19416
   macro avg       0.37      0.56      0.37     19416
weighted avg       0.53      0.48      0.48     19416

[2022-05-21 21:10:37,443 INFO] 
[[5442    0    0    0    0    0]
 [   0    0    0 5427    0    0]
 [   4   50 2860 2186  655    0]
 [   0    0    0  589    0    0]
 [   0    3    2   89  500    0]
 [   1   46  694  527  341    0]]
[2022-05-21 21:12:30,882 INFO] 
              precision    recall  f1-score   support

           0       1.00      1.00      1.00      5422
           1       1.00      1.00      1.00      5407
           2       0.81      0.43      0.56      5615
           3       0.13      0.92      0.23       489
           4       0.26      0.89      0.40       494
           5       0.00      0.00      0.00      1549

    accuracy                           0.75     18976
   macro avg       0.53      0.71      0.53     18976
weighted avg       0.82      0.75      0.75     18976

[2022-05-21 21:12:30,893 INFO] 
[[5422    0    0    0    0    0]
 [   0 5407    0    0    0    0]
 [   0    0 2427 2249  939    0]
 [   0    0   37  452    0    0]
 [   1    1   10   44  438    0]
 [   4   10  520  707  308    0]]
[2022-05-21 21:12:39,723 INFO] 
              precision    recall  f1-score   support

           0       1.00      1.00      1.00      5422
           1       1.00      1.00      1.00      5407
           2       0.85      0.39      0.54      5615
           3       0.14      0.98      0.25       489
           4       0.20      0.89      0.32       494
           5       0.00      0.00      0.00      1549

    accuracy                           0.74     18976
   macro avg       0.53      0.71      0.52     18976
weighted avg       0.83      0.74      0.74     18976

[2022-05-21 21:12:39,732 INFO] 
[[5422    0    0    0    0    0]
 [   0 5407    0    0    0    0]
 [   0    0 2215 2082 1318    0]
 [   0    0   12  477    0    0]
 [   0    1    1   53  439    0]
 [   0   11  367  693  478    0]]
[2022-05-21 21:12:48,723 INFO] 
              precision    recall  f1-score   support

           0       1.00      1.00      1.00      5422
           1       1.00      1.00      1.00      5407
           2       0.86      0.37      0.52      5615
           3       0.14      0.98      0.25       489
           4       0.18      0.89      0.30       494
           5       0.00      0.00      0.00      1549

    accuracy                           0.73     18976
   macro avg       0.53      0.71      0.51     18976
weighted avg       0.83      0.73      0.74     18976

[2022-05-21 21:12:48,732 INFO] 
[[5422    0    0    0    0    0]
 [   0 5407    0    0    0    0]
 [   0    0 2071 2106 1438    0]
 [   0    0    9  480    0    0]
 [   0    1    1   53  439    0]
 [   0   14  337  685  513    0]]
[2022-05-21 21:12:57,912 INFO] 
              precision    recall  f1-score   support

           0       1.00      1.00      1.00      5422
           1       1.00      1.00      1.00      5407
           2       0.86      0.35      0.50      5615
           3       0.14      0.99      0.25       489
           4       0.17      0.88      0.29       494
           5       0.00      0.00      0.00      1549

    accuracy                           0.72     18976
   macro avg       0.53      0.70      0.51     18976
weighted avg       0.83      0.72      0.73     18976

[2022-05-21 21:12:57,923 INFO] 
[[5422    0    0    0    0    0]
 [   0 5407    0    0    0    0]
 [   0    1 1981 2113 1520    0]
 [   0    0    7  482    0    0]
 [   0    0    1   60  433    0]
 [   0   13  306  701  529    0]]
[2022-05-21 21:13:06,663 INFO] 
              precision    recall  f1-score   support

           0       1.00      1.00      1.00      5422
           1       1.00      1.00      1.00      5407
           2       0.86      0.35      0.50      5615
           3       0.15      0.99      0.26       489
           4       0.17      0.88      0.28       494
           5       0.00      0.00      0.00      1549

    accuracy                           0.72     18976
   macro avg       0.53      0.70      0.51     18976
weighted avg       0.83      0.72      0.73     18976

[2022-05-21 21:13:06,676 INFO] 
[[5422    0    0    0    0    0]
 [   0 5407    0    0    0    0]
 [   0    3 1954 2079 1579    0]
 [   0    0    4  485    0    0]
 [   0    0    0   60  434    0]
 [   1   12  306  626  604    0]]
[2022-05-30 09:58:18,206 INFO] 
              precision    recall  f1-score   support

           0       1.00      0.90      0.94      1031
           1       0.89      0.97      0.93      1057
           2       0.53      0.16      0.24       977
           3       0.71      0.80      0.75       801
           4       0.93      0.85      0.89       557
           5       0.48      0.81      0.60       922

    accuracy                           0.74      5345
   macro avg       0.75      0.75      0.73      5345
weighted avg       0.75      0.74      0.72      5345

[2022-05-30 09:58:18,213 INFO] 
[[ 927    1    4    0    3   96]
 [   0 1028    5    0    0   24]
 [   0   19  152  165   17  624]
 [   0   92   63  640    0    6]
 [   1    0   10   16  471   59]
 [   3   17   55   86   14  747]]
[2022-05-30 09:58:20,341 INFO] 
              precision    recall  f1-score   support

           0       1.00      0.90      0.95      1031
           1       0.93      0.99      0.96      1057
           2       0.55      0.37      0.44       977
           3       0.80      0.83      0.81       801
           4       0.98      0.84      0.90       557
           5       0.58      0.84      0.69       922

    accuracy                           0.79      5345
   macro avg       0.81      0.79      0.79      5345
weighted avg       0.80      0.79      0.79      5345

[2022-05-30 09:58:20,347 INFO] 
[[ 926    6   51    0    0   48]
 [   0 1043   14    0    0    0]
 [   0    5  358  120    9  485]
 [   0   65   72  664    0    0]
 [   1    0   62    1  466   27]
 [   0    7   90   44    2  779]]
[2022-05-30 09:58:22,430 INFO] 
              precision    recall  f1-score   support

           0       1.00      0.90      0.95      1031
           1       0.99      0.99      0.99      1057
           2       0.57      0.53      0.55       977
           3       0.83      0.93      0.88       801
           4       0.97      0.83      0.90       557
           5       0.67      0.79      0.73       922

    accuracy                           0.83      5345
   macro avg       0.84      0.83      0.83      5345
weighted avg       0.83      0.83      0.83      5345

[2022-05-30 09:58:22,436 INFO] 
[[ 928    2  101    0    0    0]
 [   0 1042    7    0    8    0]
 [   0    1  519  121    3  333]
 [   0    9   50  742    0    0]
 [   2    0   72    0  463   20]
 [   1    3  154   29    3  732]]
[2022-05-30 09:58:24,594 INFO] 
              precision    recall  f1-score   support

           0       0.97      0.90      0.94      1031
           1       0.99      0.94      0.97      1057
           2       0.56      0.62      0.59       977
           3       0.84      0.95      0.89       801
           4       0.91      0.83      0.87       557
           5       0.72      0.69      0.70       922

    accuracy                           0.82      5345
   macro avg       0.83      0.82      0.83      5345
weighted avg       0.83      0.82      0.82      5345

[2022-05-30 09:58:24,601 INFO] 
[[928   3 100   0   0   0]
 [ 14 998   0   1  44   0]
 [  1   1 601 125   2 247]
 [  0   0  39 762   0   0]
 [ 10   3  69   3 464   8]
 [  1   0 265  15   1 640]]
[2022-05-30 09:58:26,764 INFO] 
              precision    recall  f1-score   support

           0       0.98      0.90      0.94      1031
           1       0.99      0.95      0.97      1057
           2       0.55      0.63      0.59       977
           3       0.82      0.95      0.88       801
           4       0.92      0.83      0.87       557
           5       0.73      0.66      0.69       922

    accuracy                           0.82      5345
   macro avg       0.83      0.82      0.82      5345
weighted avg       0.83      0.82      0.82      5345

[2022-05-30 09:58:26,770 INFO] 
[[ 928    3  100    0    0    0]
 [  14 1002    0    0   41    0]
 [   1    0  617  142    2  215]
 [   0    0   37  764    0    0]
 [   7    4   77    3  463    3]
 [   1    1  296   20    0  604]]
