[2022-05-18 14:29:41,206 INFO] 
              precision    recall  f1-score   support

           0       1.00      1.00      1.00      5422
           1       0.00      0.00      0.00      5407
           2       0.39      0.72      0.51      5615
           3       0.36      0.48      0.41       489
           4       0.23      0.96      0.37       494
           5       0.74      0.09      0.16      1549

    accuracy                           0.54     18976
   macro avg       0.45      0.54      0.41     18976
weighted avg       0.48      0.54      0.47     18976

[2022-05-18 14:29:41,212 INFO] 
[[5422    0    0    0    0    0]
 [   0    0 5407    0    0    0]
 [   0  377 4056  307  839   36]
 [   0    5   88  233  157    6]
 [   0    0    9    9  472    4]
 [   4   20  724  104  563  134]]
[2022-05-18 14:45:51,108 INFO] 
              precision    recall  f1-score   support

           0       1.00      1.00      1.00      5422
           1       0.00      0.00      0.00      5407
           2       0.41      0.75      0.53      5615
           3       0.69      0.66      0.67       489
           4       0.19      0.92      0.31       494
           5       0.49      0.08      0.14      1549

    accuracy                           0.56     18976
   macro avg       0.46      0.57      0.44     18976
weighted avg       0.47      0.56      0.48     18976

[2022-05-18 14:45:51,126 INFO] 
[[5422    0    0    0    0    0]
 [   0    0 5407    0    0    0]
 [   0   14 4229   76 1176  120]
 [   0   10   76  321   72   10]
 [   0    2   28    5  455    4]
 [   6    2  628   66  720  127]]
[2022-05-30 09:50:04,603 INFO] 
              precision    recall  f1-score   support

           0       0.96      1.00      0.98       477
           1       0.92      1.00      0.96       503
           2       0.36      0.41      0.39       528
           3       0.54      0.53      0.54       240
           4       0.00      0.00      0.00        94
           5       0.26      0.22      0.24       474

    accuracy                           0.62      2316
   macro avg       0.51      0.53      0.52      2316
weighted avg       0.59      0.62      0.60      2316

[2022-05-30 09:50:04,608 INFO] 
[[477   0   0   0   0   0]
 [  0 503   0   0   0   0]
 [ 16  12 216  13  15 256]
 [  0   0  68 128  17  27]
 [  0   0  94   0   0   0]
 [  4  30 216  97  25 102]]
[2022-05-30 09:52:36,125 INFO] 
              precision    recall  f1-score   support

           0       1.00      1.00      1.00       477
           1       0.95      0.95      0.95       503
           2       0.63      0.46      0.53       528
           3       0.44      0.85      0.58       240
           4       0.40      1.00      0.57        94
           5       0.57      0.30      0.39       474

    accuracy                           0.71      2316
   macro avg       0.67      0.76      0.67      2316
weighted avg       0.73      0.71      0.70      2316

[2022-05-30 09:52:36,129 INFO] 
[[477   0   0   0   0   0]
 [  0 479  24   0   0   0]
 [  0  17 245  75  92  99]
 [  0   0  13 204  15   8]
 [  0   0   0   0  94   0]
 [  0   8 109 183  32 142]]
[2022-05-30 09:53:55,193 INFO] 
              precision    recall  f1-score   support

           0       1.00      1.00      1.00       477
           1       0.91      1.00      0.95       503
           2       0.53      0.62      0.57       528
           3       0.50      0.75      0.60       240
           4       0.00      0.00      0.00        94
           5       0.85      0.48      0.61       474

    accuracy                           0.74      2316
   macro avg       0.63      0.64      0.62      2316
weighted avg       0.75      0.74      0.73      2316

[2022-05-30 09:53:55,197 INFO] 
[[477   0   0   0   0   0]
 [  0 503   0   0   0   0]
 [  0  39 327  91  30  41]
 [  0   2  53 179   6   0]
 [  0   0  94   0   0   0]
 [  0   8 143  90   6 227]]
[2022-05-30 09:54:17,810 INFO] 
              precision    recall  f1-score   support

           0       0.09      0.00      0.00       477
           1       0.51      1.00      0.67       503
           2       0.47      0.55      0.51       528
           3       0.62      0.76      0.69       240
           4       0.00      0.00      0.00        94
           5       0.62      0.50      0.55       474

    accuracy                           0.52      2316
   macro avg       0.38      0.47      0.40      2316
weighted avg       0.43      0.52      0.45      2316

[2022-05-30 09:54:17,815 INFO] 
[[  1 474   2   0   0   0]
 [  0 503   0   0   0   0]
 [  8   8 291  63  13 145]
 [  2   3  50 183   0   2]
 [  0   0  94   0   0   0]
 [  0   2 186  48   3 235]]
[2022-05-30 09:54:29,718 INFO] 
              precision    recall  f1-score   support

           0       0.93      1.00      0.96       477
           1       0.97      0.93      0.95       503
           2       0.47      0.62      0.53       528
           3       0.56      0.77      0.65       240
           4       0.00      0.00      0.00        94
           5       0.57      0.36      0.44       474

    accuracy                           0.70      2316
   macro avg       0.58      0.61      0.59      2316
weighted avg       0.69      0.70      0.68      2316

[2022-05-30 09:54:29,723 INFO] 
[[477   0   0   0   0   0]
 [ 35 468   0   0   0   0]
 [  1   5 325  76   6 115]
 [  0   6  37 185   0  12]
 [  0   0  94   0   0   0]
 [  0   2 231  69   2 170]]
[2022-05-30 09:54:41,752 INFO] 
              precision    recall  f1-score   support

           0       0.96      1.00      0.98       477
           1       0.99      0.70      0.82       503
           2       0.44      0.56      0.49       528
           3       0.47      0.75      0.58       240
           4       0.00      0.00      0.00        94
           5       0.53      0.44      0.48       474

    accuracy                           0.65      2316
   macro avg       0.57      0.58      0.56      2316
weighted avg       0.67      0.65      0.65      2316

[2022-05-30 09:54:41,758 INFO] 
[[477   0   0   0   0   0]
 [  0 354   8 141   0   0]
 [  6   3 295  49  10 165]
 [  3   2  37 181   0  17]
 [  0   0  94   0   0   0]
 [  9   0 239  16   1 209]]
[2022-05-30 09:54:53,502 INFO] 
              precision    recall  f1-score   support

           0       1.00      1.00      1.00       477
           1       0.85      0.64      0.73       503
           2       0.46      0.44      0.45       528
           3       0.39      0.76      0.52       240
           4       0.00      0.00      0.00        94
           5       0.69      0.72      0.71       474

    accuracy                           0.67      2316
   macro avg       0.57      0.59      0.57      2316
weighted avg       0.68      0.67      0.67      2316

[2022-05-30 09:54:53,509 INFO] 
[[477   0   0   0   0   0]
 [  0 323 180   0   0   0]
 [  0  46 233  98   0 151]
 [  0   0  58 182   0   0]
 [  0   0   0  94   0   0]
 [  0  12  31  90   0 341]]
[2022-05-30 09:56:09,516 INFO] 
              precision    recall  f1-score   support

           0       0.97      0.92      0.95      1031
           1       0.96      1.00      0.98      1057
           2       0.60      0.62      0.61       977
           3       0.38      0.75      0.51       801
           4       0.00      0.00      0.00       557
           5       0.73      0.46      0.56       922

    accuracy                           0.68      5345
   macro avg       0.61      0.63      0.60      5345
weighted avg       0.67      0.68      0.66      5345

[2022-05-30 09:56:09,521 INFO] 
[[ 953    0   10   68    0    0]
 [   0 1057    0    0    0    0]
 [   2   34  601  243    4   93]
 [   0    0   47  602   96   56]
 [   0    0   68  483    0    6]
 [  25    8  281  180    4  424]]
[2022-05-30 09:56:54,498 INFO] 
              precision    recall  f1-score   support

           0       0.98      0.89      0.93      1031
           1       0.92      0.99      0.96      1057
           2       0.70      0.56      0.62       977
           3       0.42      0.90      0.57       801
           4       0.69      0.02      0.04       557
           5       0.74      0.60      0.66       922

    accuracy                           0.71      5345
   macro avg       0.74      0.66      0.63      5345
weighted avg       0.76      0.71      0.69      5345

[2022-05-30 09:56:54,503 INFO] 
[[ 913    0   11  107    0    0]
 [   0 1049    0    8    0    0]
 [   7   46  550  238    4  132]
 [   0    1   22  721    0   57]
 [   0    0    0  537   11    9]
 [  14   41  204  111    1  551]]
[2022-05-30 09:57:50,901 INFO] 
              precision    recall  f1-score   support

           0       0.96      0.92      0.94      1031
           1       0.95      0.87      0.91      1057
           2       0.49      0.59      0.53       977
           3       0.26      0.23      0.25       801
           4       0.47      0.83      0.60       557
           5       0.76      0.42      0.54       922

    accuracy                           0.65      5345
   macro avg       0.65      0.64      0.63      5345
weighted avg       0.68      0.65      0.65      5345

[2022-05-30 09:57:50,905 INFO] 
[[950   0  71   7   0   3]
 [  0 920   0 137   0   0]
 [ 29  27 576 241   0 104]
 [  0   0 112 187 497   5]
 [  1   0  81   5 463   7]
 [  6  20 340 146  23 387]]
[2022-05-30 10:17:21,504 INFO] 
              precision    recall  f1-score   support

           0       0.91      0.80      0.85      1032
           1       0.91      0.58      0.71       997
           2       0.69      0.64      0.66       936
           3       0.51      0.81      0.62       903
           4       0.92      0.80      0.85       579
           5       0.58      0.63      0.61       966

    accuracy                           0.70      5413
   macro avg       0.75      0.71      0.72      5413
weighted avg       0.75      0.70      0.71      5413

[2022-05-30 10:17:21,508 INFO] 
[[825   0   7  81  10 109]
 [  0 579   4 414   0   0]
 [ 43  14 595 131   4 149]
 [  0  27  61 735  14  66]
 [  0   0   0   0 463 116]
 [ 34  16 195  94  14 613]]
[2022-05-30 10:17:32,905 INFO] 
              precision    recall  f1-score   support

           0       0.95      0.68      0.79      1032
           1       0.83      0.61      0.71       997
           2       0.41      0.50      0.45       936
           3       0.60      0.87      0.71       903
           4       0.88      0.80      0.84       579
           5       0.56      0.55      0.56       966

    accuracy                           0.66      5413
   macro avg       0.70      0.67      0.68      5413
weighted avg       0.70      0.66      0.67      5413

[2022-05-30 10:17:32,910 INFO] 
[[705   7   0  81   0 239]
 [  0 612 385   0   0   0]
 [ 21  35 467 249  45 119]
 [  3  26  29 789   0  56]
 [  0   0   0 116 463   0]
 [ 16  59 268  70  19 534]]
[2022-05-30 09:50:04,603 INFO] 
              precision    recall  f1-score   support

           0       0.96      1.00      0.98       477
           1       0.92      1.00      0.96       503
           2       0.36      0.41      0.39       528
           3       0.54      0.53      0.54       240
           4       0.00      0.00      0.00        94
           5       0.26      0.22      0.24       474

    accuracy                           0.62      2316
   macro avg       0.51      0.53      0.52      2316
weighted avg       0.59      0.62      0.60      2316

[2022-05-30 09:50:04,608 INFO] 
[[477   0   0   0   0   0]
 [  0 503   0   0   0   0]
 [ 16  12 216  13  15 256]
 [  0   0  68 128  17  27]
 [  0   0  94   0   0   0]
 [  4  30 216  97  25 102]]
[2022-05-30 09:52:36,125 INFO] 
              precision    recall  f1-score   support

           0       1.00      1.00      1.00       477
           1       0.95      0.95      0.95       503
           2       0.63      0.46      0.53       528
           3       0.44      0.85      0.58       240
           4       0.40      1.00      0.57        94
           5       0.57      0.30      0.39       474

    accuracy                           0.71      2316
   macro avg       0.67      0.76      0.67      2316
weighted avg       0.73      0.71      0.70      2316

[2022-05-30 09:52:36,129 INFO] 
[[477   0   0   0   0   0]
 [  0 479  24   0   0   0]
 [  0  17 245  75  92  99]
 [  0   0  13 204  15   8]
 [  0   0   0   0  94   0]
 [  0   8 109 183  32 142]]
[2022-05-30 09:53:55,193 INFO] 
              precision    recall  f1-score   support

           0       1.00      1.00      1.00       477
           1       0.91      1.00      0.95       503
           2       0.53      0.62      0.57       528
           3       0.50      0.75      0.60       240
           4       0.00      0.00      0.00        94
           5       0.85      0.48      0.61       474

    accuracy                           0.74      2316
   macro avg       0.63      0.64      0.62      2316
weighted avg       0.75      0.74      0.73      2316

[2022-05-30 09:53:55,197 INFO] 
[[477   0   0   0   0   0]
 [  0 503   0   0   0   0]
 [  0  39 327  91  30  41]
 [  0   2  53 179   6   0]
 [  0   0  94   0   0   0]
 [  0   8 143  90   6 227]]
[2022-05-30 09:54:17,810 INFO] 
              precision    recall  f1-score   support

           0       0.09      0.00      0.00       477
           1       0.51      1.00      0.67       503
           2       0.47      0.55      0.51       528
           3       0.62      0.76      0.69       240
           4       0.00      0.00      0.00        94
           5       0.62      0.50      0.55       474

    accuracy                           0.52      2316
   macro avg       0.38      0.47      0.40      2316
weighted avg       0.43      0.52      0.45      2316

[2022-05-30 09:54:17,815 INFO] 
[[  1 474   2   0   0   0]
 [  0 503   0   0   0   0]
 [  8   8 291  63  13 145]
 [  2   3  50 183   0   2]
 [  0   0  94   0   0   0]
 [  0   2 186  48   3 235]]
[2022-05-30 09:54:29,718 INFO] 
              precision    recall  f1-score   support

           0       0.93      1.00      0.96       477
           1       0.97      0.93      0.95       503
           2       0.47      0.62      0.53       528
           3       0.56      0.77      0.65       240
           4       0.00      0.00      0.00        94
           5       0.57      0.36      0.44       474

    accuracy                           0.70      2316
   macro avg       0.58      0.61      0.59      2316
weighted avg       0.69      0.70      0.68      2316

[2022-05-30 09:54:29,723 INFO] 
[[477   0   0   0   0   0]
 [ 35 468   0   0   0   0]
 [  1   5 325  76   6 115]
 [  0   6  37 185   0  12]
 [  0   0  94   0   0   0]
 [  0   2 231  69   2 170]]
[2022-05-30 09:54:41,752 INFO] 
              precision    recall  f1-score   support

           0       0.96      1.00      0.98       477
           1       0.99      0.70      0.82       503
           2       0.44      0.56      0.49       528
           3       0.47      0.75      0.58       240
           4       0.00      0.00      0.00        94
           5       0.53      0.44      0.48       474

    accuracy                           0.65      2316
   macro avg       0.57      0.58      0.56      2316
weighted avg       0.67      0.65      0.65      2316

[2022-05-30 09:54:41,758 INFO] 
[[477   0   0   0   0   0]
 [  0 354   8 141   0   0]
 [  6   3 295  49  10 165]
 [  3   2  37 181   0  17]
 [  0   0  94   0   0   0]
 [  9   0 239  16   1 209]]
[2022-05-30 09:54:53,502 INFO] 
              precision    recall  f1-score   support

           0       1.00      1.00      1.00       477
           1       0.85      0.64      0.73       503
           2       0.46      0.44      0.45       528
           3       0.39      0.76      0.52       240
           4       0.00      0.00      0.00        94
           5       0.69      0.72      0.71       474

    accuracy                           0.67      2316
   macro avg       0.57      0.59      0.57      2316
weighted avg       0.68      0.67      0.67      2316

[2022-05-30 09:54:53,509 INFO] 
[[477   0   0   0   0   0]
 [  0 323 180   0   0   0]
 [  0  46 233  98   0 151]
 [  0   0  58 182   0   0]
 [  0   0   0  94   0   0]
 [  0  12  31  90   0 341]]
[2022-05-30 09:56:09,516 INFO] 
              precision    recall  f1-score   support

           0       0.97      0.92      0.95      1031
           1       0.96      1.00      0.98      1057
           2       0.60      0.62      0.61       977
           3       0.38      0.75      0.51       801
           4       0.00      0.00      0.00       557
           5       0.73      0.46      0.56       922

    accuracy                           0.68      5345
   macro avg       0.61      0.63      0.60      5345
weighted avg       0.67      0.68      0.66      5345

[2022-05-30 09:56:09,521 INFO] 
[[ 953    0   10   68    0    0]
 [   0 1057    0    0    0    0]
 [   2   34  601  243    4   93]
 [   0    0   47  602   96   56]
 [   0    0   68  483    0    6]
 [  25    8  281  180    4  424]]
[2022-05-30 09:56:54,498 INFO] 
              precision    recall  f1-score   support

           0       0.98      0.89      0.93      1031
           1       0.92      0.99      0.96      1057
           2       0.70      0.56      0.62       977
           3       0.42      0.90      0.57       801
           4       0.69      0.02      0.04       557
           5       0.74      0.60      0.66       922

    accuracy                           0.71      5345
   macro avg       0.74      0.66      0.63      5345
weighted avg       0.76      0.71      0.69      5345

[2022-05-30 09:56:54,503 INFO] 
[[ 913    0   11  107    0    0]
 [   0 1049    0    8    0    0]
 [   7   46  550  238    4  132]
 [   0    1   22  721    0   57]
 [   0    0    0  537   11    9]
 [  14   41  204  111    1  551]]
[2022-05-30 09:57:50,901 INFO] 
              precision    recall  f1-score   support

           0       0.96      0.92      0.94      1031
           1       0.95      0.87      0.91      1057
           2       0.49      0.59      0.53       977
           3       0.26      0.23      0.25       801
           4       0.47      0.83      0.60       557
           5       0.76      0.42      0.54       922

    accuracy                           0.65      5345
   macro avg       0.65      0.64      0.63      5345
weighted avg       0.68      0.65      0.65      5345

[2022-05-30 09:57:50,905 INFO] 
[[950   0  71   7   0   3]
 [  0 920   0 137   0   0]
 [ 29  27 576 241   0 104]
 [  0   0 112 187 497   5]
 [  1   0  81   5 463   7]
 [  6  20 340 146  23 387]]
[2022-05-30 10:17:21,504 INFO] 
              precision    recall  f1-score   support

           0       0.91      0.80      0.85      1032
           1       0.91      0.58      0.71       997
           2       0.69      0.64      0.66       936
           3       0.51      0.81      0.62       903
           4       0.92      0.80      0.85       579
           5       0.58      0.63      0.61       966

    accuracy                           0.70      5413
   macro avg       0.75      0.71      0.72      5413
weighted avg       0.75      0.70      0.71      5413

[2022-05-30 10:17:21,508 INFO] 
[[825   0   7  81  10 109]
 [  0 579   4 414   0   0]
 [ 43  14 595 131   4 149]
 [  0  27  61 735  14  66]
 [  0   0   0   0 463 116]
 [ 34  16 195  94  14 613]]
[2022-05-30 10:17:32,905 INFO] 
              precision    recall  f1-score   support

           0       0.95      0.68      0.79      1032
           1       0.83      0.61      0.71       997
           2       0.41      0.50      0.45       936
           3       0.60      0.87      0.71       903
           4       0.88      0.80      0.84       579
           5       0.56      0.55      0.56       966

    accuracy                           0.66      5413
   macro avg       0.70      0.67      0.68      5413
weighted avg       0.70      0.66      0.67      5413

[2022-05-30 10:17:32,910 INFO] 
[[705   7   0  81   0 239]
 [  0 612 385   0   0   0]
 [ 21  35 467 249  45 119]
 [  3  26  29 789   0  56]
 [  0   0   0 116 463   0]
 [ 16  59 268  70  19 534]]
[2022-05-30 10:19:08,911 INFO] 
              precision    recall  f1-score   support

           0       0.95      0.81      0.87      1032
           1       0.92      0.58      0.71       997
           2       0.49      0.46      0.48       936
           3       0.39      0.74      0.51       903
           4       0.91      0.80      0.85       579
           5       0.69      0.58      0.63       966

    accuracy                           0.65      5413
   macro avg       0.72      0.66      0.68      5413
weighted avg       0.72      0.65      0.67      5413

[2022-05-30 10:19:08,916 INFO] 
[[834   0   9 187   0   2]
 [  0 583   1 413   0   0]
 [ 39  22 433 278  12 152]
 [  1  11 146 667   0  78]
 [  0   0  47  46 463  23]
 [  6  18 249 102  35 556]]
