[2022-05-19 23:49:20,048 INFO] 
              precision    recall  f1-score   support

           0       0.99      1.00      0.99      5422
           1       0.96      1.00      0.98      5407
           2       0.85      0.58      0.69      5615
           3       0.37      0.99      0.53       489
           4       0.19      0.99      0.32       494
           5       0.70      0.05      0.10      1549

    accuracy                           0.80     18976
   macro avg       0.68      0.77      0.60     18976
weighted avg       0.88      0.80      0.80     18976

[2022-05-19 23:49:20,052 INFO] 
[[5422    0    0    0    0    0]
 [   0 5405    0    0    2    0]
 [  35  137 3239  701 1467   36]
 [   0    0    3  483    3    0]
 [   0    0    0    6  488    0]
 [  38   94  571  132  629   85]]
[2022-05-19 23:52:49,244 INFO] 
              precision    recall  f1-score   support

           0       0.99      1.00      1.00      5422
           1       0.00      0.00      0.00      5407
           2       0.90      0.61      0.73      5615
           3       0.92      0.96      0.94       489
           4       0.06      1.00      0.11       494
           5       0.90      0.17      0.28      1549

    accuracy                           0.53     18976
   macro avg       0.63      0.62      0.51     18976
weighted avg       0.65      0.53      0.55     18976

[2022-05-19 23:52:49,247 INFO] 
[[5422    0    0    0    0    0]
 [   0    0    0    0 5407    0]
 [   4   14 3428   11 2128   30]
 [   0    0    0  469   20    0]
 [   0    0    0    0  494    0]
 [  42   21  391   29  809  257]]
[2022-05-20 10:05:13,231 INFO] 
              precision    recall  f1-score   support

           0       0.00      0.00      0.00    5422.0
           1       0.00      0.00      0.00    5407.0
           2       0.00      0.00      0.00    5615.0
           3       0.00      0.00      0.00     489.0
           4       0.00      0.00      0.00     494.0
           5       0.00      0.00      0.00    1549.0
           9       0.00      0.00      0.00       0.0

    accuracy                           0.00   18976.0
   macro avg       0.00      0.00      0.00   18976.0
weighted avg       0.00      0.00      0.00   18976.0

[2022-05-20 10:05:13,257 INFO] 
[[   0    0    0    0    0    0 5422]
 [   0    0    0    0    0    0 5407]
 [   0    0    0    0    0    0 5615]
 [   0    0    0    0    0    0  489]
 [   0    0    0    0    0    0  494]
 [   0    0    0    0    0    0 1549]
 [   0    0    0    0    0    0    0]]
[2022-05-20 10:06:28,150 INFO] 
              precision    recall  f1-score   support

           0       0.00      0.00      0.00    5422.0
           1       0.00      0.00      0.00    5407.0
           2       0.00      0.00      0.00    5615.0
           3       0.00      0.00      0.00     489.0
           4       0.00      0.00      0.00     494.0
           5       0.00      0.00      0.00    1549.0
           9       0.00      0.00      0.00       0.0

    accuracy                           0.00   18976.0
   macro avg       0.00      0.00      0.00   18976.0
weighted avg       0.00      0.00      0.00   18976.0

[2022-05-20 10:06:28,173 INFO] 
[[   0    0    0    0    0    0 5422]
 [   0    0    0    0    0    0 5407]
 [   0    0    0    0    0    0 5615]
 [   0    0    0    0    0    0  489]
 [   0    0    0    0    0    0  494]
 [   0    0    0    0    0    0 1549]
 [   0    0    0    0    0    0    0]]
[2022-05-20 10:09:49,409 INFO] 
              precision    recall  f1-score   support

           0       0.00      0.00      0.00    5422.0
           1       0.00      0.00      0.00    5407.0
           2       0.00      0.00      0.00    5615.0
           3       0.00      0.00      0.00     489.0
           4       0.00      0.00      0.00     494.0
           5       0.00      0.00      0.00    1549.0
           9       0.00      0.00      0.00       0.0

    accuracy                           0.00   18976.0
   macro avg       0.00      0.00      0.00   18976.0
weighted avg       0.00      0.00      0.00   18976.0

[2022-05-20 10:09:49,437 INFO] 
[[   0    0    0    0    0    0 5422]
 [   0    0    0    0    0    0 5407]
 [   0    0    0    0    0    0 5615]
 [   0    0    0    0    0    0  489]
 [   0    0    0    0    0    0  494]
 [   0    0    0    0    0    0 1549]
 [   0    0    0    0    0    0    0]]
[2022-05-20 10:47:10,700 INFO] 
              precision    recall  f1-score   support

           0       0.96      1.00      0.98      5422
           1       0.90      1.00      0.95      5407
           2       0.87      0.45      0.59      5615
           3       0.50      0.97      0.66       489
           4       0.15      1.00      0.26       494
           5       0.57      0.08      0.14      1549

    accuracy                           0.76     18976
   macro avg       0.66      0.75      0.60     18976
weighted avg       0.85      0.76      0.76     18976

[2022-05-20 10:47:10,709 INFO] 
[[5422    0    0    0    0    0]
 [   0 5407    0    0    0    0]
 [  70  390 2520  359 2181   95]
 [   0    0    0  476   13    0]
 [   0    1    0    0  493    0]
 [ 159  183  389  111  583  124]]
