[2022-05-18 14:24:57,173 INFO] 
              precision    recall  f1-score   support

           0       1.00      1.00      1.00      5422
           1       1.00      1.00      1.00      5407
           2       0.78      0.98      0.87      5615
           3       0.92      1.00      0.96       489
           4       0.89      0.90      0.89       494
           5       0.00      0.00      0.00      1549

    accuracy                           0.91     18976
   macro avg       0.76      0.81      0.79     18976
weighted avg       0.85      0.91      0.88     18976

[2022-05-18 14:24:57,210 INFO] 
[[5422    0    0    0    0    0]
 [   0 5407    0    0    0    0]
 [   0    0 5530   41   44    0]
 [   0    0    0  489    0    0]
 [   0    0   51    0  443    0]
 [   0    0 1536    0   13    0]]
[2022-05-18 14:52:18,112 INFO] 
              precision    recall  f1-score   support

           0       1.00      1.00      1.00      5422
           1       1.00      1.00      1.00      5407
           2       0.78      0.99      0.87      5615
           3       0.92      1.00      0.95       489
           4       0.89      0.90      0.89       494
           5       0.00      0.00      0.00      1549

    accuracy                           0.91     18976
   macro avg       0.76      0.81      0.79     18976
weighted avg       0.85      0.91      0.88     18976

[2022-05-18 14:52:18,119 INFO] 
[[5422    0    0    0    0    0]
 [   0 5407    0    0    0    0]
 [   0    0 5534   45   36    0]
 [   0    0    1  488    0    0]
 [   0    0   49    0  445    0]
 [   0    0 1529    0   20    0]]
