[2022-05-18 14:00:24,688 INFO] 
              precision    recall  f1-score   support

           0       1.00      1.00      1.00      5422
           1       1.00      0.98      0.99      5407
           2       0.94      0.93      0.94      5615
           3       0.78      1.00      0.87       489
           4       0.40      0.47      0.43       494
           5       1.00      0.97      0.99      1549

    accuracy                           0.96     18976
   macro avg       0.85      0.89      0.87     18976
weighted avg       0.96      0.96      0.96     18976

[2022-05-18 14:00:24,696 INFO] 
[[5417    0    0    5    0    0]
 [   0 5317    0   90    0    0]
 [   0    0 5216   45  354    0]
 [   0    0    0  489    0    0]
 [   0    0  261    0  233    0]
 [   0    0   43    0    0 1506]]
[2022-05-18 14:28:27,332 INFO] 
              precision    recall  f1-score   support

           0       1.00      1.00      1.00      5422
           1       1.00      0.98      0.99      5407
           2       0.94      0.92      0.93      5615
           3       0.76      1.00      0.86       489
           4       0.36      0.45      0.40       494
           5       1.00      0.97      0.98      1549

    accuracy                           0.95     18976
   macro avg       0.84      0.89      0.86     18976
weighted avg       0.96      0.95      0.96     18976

[2022-05-18 14:28:27,349 INFO] 
[[5404    0    0   18    0    0]
 [   0 5318    0   89    0    0]
 [   0    0 5172   48  395    0]
 [   0    0    0  489    0    0]
 [   0    0  273    0  221    0]
 [   0    0   52    0    0 1497]]
[2022-05-18 14:43:28,740 INFO] 
              precision    recall  f1-score   support

           0       1.00      1.00      1.00      5422
           1       1.00      0.98      0.99      5407
           2       0.94      0.94      0.94      5615
           3       0.77      1.00      0.87       489
           4       0.43      0.44      0.44       494
           5       1.00      0.97      0.98      1549

    accuracy                           0.96     18976
   macro avg       0.86      0.89      0.87     18976
weighted avg       0.96      0.96      0.96     18976

[2022-05-18 14:43:28,748 INFO] 
[[5407    0    0   15    0    0]
 [   0 5319    0   88    0    0]
 [   0    0 5288   40  287    0]
 [   0    0    0  489    0    0]
 [   0    0  275    0  219    0]
 [   0    0   46    0    0 1503]]
[2022-05-18 14:57:31,155 INFO] 
              precision    recall  f1-score   support

           0       1.00      1.00      1.00      5422
           1       0.00      0.00      0.00      5407
           2       0.40      0.71      0.51      5615
           3       0.82      1.00      0.90       489
           4       0.17      1.00      0.29       494
           5       0.00      0.00      0.00      1549

    accuracy                           0.55     18976
   macro avg       0.40      0.62      0.45     18976
weighted avg       0.43      0.55      0.47     18976

[2022-05-18 14:57:31,164 INFO] 
[[5422    0    0    0    0    0]
 [   0    0 5331   76    0    0]
 [   0    0 4002   21 1592    0]
 [   0    0    0  489    0    0]
 [   0    0    0    0  494    0]
 [   0    0  679   10  860    0]]
