[2022-05-30 10:03:49,397 INFO] 
              precision    recall  f1-score   support

           0       1.00      0.90      0.94      1031
           1       0.79      0.96      0.87      1057
           2       0.50      0.51      0.51       977
           3       0.72      0.94      0.82       801
           4       0.96      0.83      0.89       557
           5       0.64      0.42      0.51       922

    accuracy                           0.76      5345
   macro avg       0.77      0.76      0.76      5345
weighted avg       0.76      0.76      0.75      5345

[2022-05-30 10:03:49,403 INFO] 
[[ 927   12   80    0   12    0]
 [   0 1018   39    0    0    0]
 [   0  107  500  198    1  171]
 [   0    5   45  751    0    0]
 [   0   37    9    0  463   48]
 [   4  104  329   90    8  387]]
[2022-05-30 10:03:50,811 INFO] 
              precision    recall  f1-score   support

           0       0.98      0.90      0.94      1031
           1       0.88      0.95      0.92      1057
           2       0.52      0.61      0.56       977
           3       0.72      0.94      0.81       801
           4       0.92      0.83      0.87       557
           5       0.72      0.43      0.54       922

    accuracy                           0.78      5345
   macro avg       0.79      0.78      0.77      5345
weighted avg       0.79      0.78      0.77      5345

[2022-05-30 10:03:50,817 INFO] 
[[ 932    0   93    0    6    0]
 [   0 1003   54    0    0    0]
 [   8   33  597  218    9  112]
 [   0    3   45  753    0    0]
 [   3   25   23    0  463   43]
 [   6   71  341   81   25  398]]
[2022-05-30 10:03:52,242 INFO] 
              precision    recall  f1-score   support

           0       0.98      0.91      0.94      1031
           1       0.91      0.95      0.93      1057
           2       0.51      0.64      0.57       977
           3       0.72      0.95      0.82       801
           4       0.92      0.83      0.87       557
           5       0.76      0.42      0.54       922

    accuracy                           0.78      5345
   macro avg       0.80      0.78      0.78      5345
weighted avg       0.80      0.78      0.78      5345

[2022-05-30 10:03:52,248 INFO] 
[[ 934    0   94    0    3    0]
 [   0 1002   55    0    0    0]
 [   9   21  625  227    4   91]
 [   0    0   40  761    0    0]
 [   0    2   60    0  463   32]
 [   6   80  342   76   32  386]]
[2022-05-30 10:03:53,773 INFO] 
              precision    recall  f1-score   support

           0       0.98      0.91      0.94      1031
           1       0.91      0.95      0.93      1057
           2       0.50      0.64      0.57       977
           3       0.72      0.95      0.82       801
           4       0.91      0.83      0.87       557
           5       0.76      0.40      0.53       922

    accuracy                           0.78      5345
   macro avg       0.80      0.78      0.78      5345
weighted avg       0.80      0.78      0.77      5345

[2022-05-30 10:03:53,779 INFO] 
[[ 934    0   94    0    3    0]
 [   0 1000   57    0    0    0]
 [   9   19  628  222   10   89]
 [   0    0   37  764    0    0]
 [   0    2   64    0  463   28]
 [   7   73  364   71   34  373]]
[2022-05-30 10:03:55,419 INFO] 
              precision    recall  f1-score   support

           0       0.98      0.91      0.94      1031
           1       0.92      0.95      0.93      1057
           2       0.50      0.64      0.56       977
           3       0.72      0.95      0.82       801
           4       0.91      0.83      0.87       557
           5       0.76      0.41      0.53       922

    accuracy                           0.78      5345
   macro avg       0.80      0.78      0.78      5345
weighted avg       0.80      0.78      0.77      5345

[2022-05-30 10:03:55,426 INFO] 
[[ 934    0   94    0    3    0]
 [   0 1000   57    0    0    0]
 [  10   17  621  223   11   95]
 [   0    0   39  762    0    0]
 [   0    1   67    0  463   26]
 [   6   74  359   73   33  377]]
[2022-05-30 10:05:41,374 INFO] 
              precision    recall  f1-score   support

           0       0.97      0.46      0.62       951
           1       0.94      1.00      0.97       977
           2       0.53      0.68      0.60       897
           3       0.84      0.95      0.89       721
           4       0.50      0.89      0.64       477
           5       0.68      0.45      0.54       842

    accuracy                           0.72      4865
   macro avg       0.74      0.74      0.71      4865
weighted avg       0.77      0.72      0.72      4865

[2022-05-30 10:05:41,377 INFO] 
[[437   0  80   0 419  15]
 [  0 977   0   0   0   0]
 [  0  23 613  99   0 162]
 [  0   1  32 685   0   3]
 [ 12  11  31   0 423   0]
 [  0  28 398  35   0 381]]
[2022-05-30 10:05:42,251 INFO] 
              precision    recall  f1-score   support

           0       0.90      0.91      0.91       951
           1       0.96      1.00      0.98       977
           2       0.55      0.65      0.60       897
           3       0.86      0.96      0.91       721
           4       1.00      0.89      0.94       477
           5       0.69      0.48      0.57       842

    accuracy                           0.81      4865
   macro avg       0.83      0.82      0.82      4865
weighted avg       0.81      0.81      0.81      4865

[2022-05-30 10:05:42,254 INFO] 
[[865   0  80   0   0   6]
 [  0 977   0   0   0   0]
 [ 23  38 584  78   0 174]
 [  0   0  27 693   0   1]
 [ 25   6  23   0 423   0]
 [ 46   0 352  38   0 406]]
[2022-05-30 10:05:43,129 INFO] 
              precision    recall  f1-score   support

           0       0.91      0.91      0.91       951
           1       0.96      1.00      0.98       977
           2       0.58      0.64      0.60       897
           3       0.81      0.98      0.89       721
           4       1.00      0.89      0.94       477
           5       0.70      0.51      0.59       842

    accuracy                           0.82      4865
   macro avg       0.83      0.82      0.82      4865
weighted avg       0.82      0.82      0.81      4865

[2022-05-30 10:05:43,132 INFO] 
[[867   0  79   0   0   5]
 [  0 976   1   0   0   0]
 [ 11  30 571 104   0 181]
 [  0   0  14 707   0   0]
 [ 22   7  25   0 423   0]
 [ 48   0 303  63   0 428]]
[2022-05-30 10:05:44,016 INFO] 
              precision    recall  f1-score   support

           0       0.92      0.91      0.92       951
           1       0.97      1.00      0.99       977
           2       0.58      0.61      0.59       897
           3       0.80      0.98      0.88       721
           4       1.00      0.89      0.94       477
           5       0.69      0.54      0.61       842

    accuracy                           0.82      4865
   macro avg       0.83      0.82      0.82      4865
weighted avg       0.82      0.82      0.81      4865

[2022-05-30 10:05:44,020 INFO] 
[[868   0  78   0   0   5]
 [  0 977   0   0   0   0]
 [ 14  22 549 116   0 196]
 [  0   0  12 709   0   0]
 [ 24   5  25   0 423   0]
 [ 36   0 287  64   0 455]]
[2022-05-30 10:05:44,882 INFO] 
              precision    recall  f1-score   support

           0       0.94      0.91      0.93       951
           1       0.97      1.00      0.98       977
           2       0.58      0.62      0.60       897
           3       0.79      0.98      0.88       721
           4       1.00      0.89      0.94       477
           5       0.71      0.55      0.62       842

    accuracy                           0.82      4865
   macro avg       0.83      0.82      0.82      4865
weighted avg       0.82      0.82      0.82      4865

[2022-05-30 10:05:44,885 INFO] 
[[867   0  79   0   0   5]
 [  0 975   2   0   0   0]
 [  9  23 557 126   0 182]
 [  0   0  11 710   0   0]
 [ 19   6  29   0 423   0]
 [ 28   0 289  65   0 460]]
[2022-05-30 10:05:46,130 INFO] 
              precision    recall  f1-score   support

           0       0.90      0.48      0.62       951
           1       0.63      1.00      0.77       977
           2       0.55      0.57      0.56       897
           3       0.75      0.72      0.74       721
           4       0.94      0.89      0.91       477
           5       0.54      0.46      0.50       842

    accuracy                           0.67      4865
   macro avg       0.72      0.69      0.68      4865
weighted avg       0.70      0.67      0.67      4865

[2022-05-30 10:05:46,136 INFO] 
[[454 421  76   0   0   0]
 [  0 977   0   0   0   0]
 [  8  25 513 127  17 207]
 [  8  54  53 521   0  85]
 [  0   0  11   0 423  43]
 [ 33  83 279  44  12 391]]
[2022-05-30 10:05:47,496 INFO] 
              precision    recall  f1-score   support

           0       0.83      0.92      0.87       951
           1       0.98      1.00      0.99       977
           2       0.50      0.57      0.53       897
           3       0.83      0.72      0.77       721
           4       0.93      0.89      0.91       477
           5       0.49      0.40      0.44       842

    accuracy                           0.75      4865
   macro avg       0.76      0.75      0.75      4865
weighted avg       0.75      0.75      0.75      4865

[2022-05-30 10:05:47,503 INFO] 
[[877   0  74   0   0   0]
 [  0 975   0   0   2   0]
 [ 59  24 513  67  25 209]
 [  0   0  84 521   0 116]
 [  2   0  25   0 423  27]
 [120   0 340  42   5 335]]
[2022-05-30 10:05:48,940 INFO] 
              precision    recall  f1-score   support

           0       0.84      0.92      0.88       951
           1       0.98      0.99      0.99       977
           2       0.53      0.55      0.54       897
           3       0.82      0.91      0.87       721
           4       0.87      0.89      0.88       477
           5       0.57      0.42      0.48       842

    accuracy                           0.77      4865
   macro avg       0.77      0.78      0.77      4865
weighted avg       0.76      0.77      0.77      4865

[2022-05-30 10:05:48,946 INFO] 
[[878   0  73   0   0   0]
 [  0 964   0   0  13   0]
 [ 54  16 491  99  48 189]
 [  0   0  11 659   0  51]
 [  8   0  15   0 423  31]
 [103   0 342  42   2 353]]
[2022-05-30 10:05:50,366 INFO] 
              precision    recall  f1-score   support

           0       0.82      0.92      0.87       951
           1       0.98      0.98      0.98       977
           2       0.52      0.55      0.54       897
           3       0.84      0.98      0.91       721
           4       0.85      0.89      0.87       477
           5       0.64      0.40      0.49       842

    accuracy                           0.78      4865
   macro avg       0.78      0.79      0.78      4865
weighted avg       0.77      0.78      0.77      4865

[2022-05-30 10:05:50,372 INFO] 
[[878   0  73   0   0   0]
 [  0 961   0   0  16   0]
 [ 74  17 495  92  58 161]
 [  0   0  13 708   0   0]
 [ 12   0  13   0 423  29]
 [108   1 355  41   0 337]]
[2022-05-30 10:05:51,859 INFO] 
              precision    recall  f1-score   support

           0       0.82      0.92      0.87       951
           1       0.98      0.98      0.98       977
           2       0.52      0.56      0.54       897
           3       0.84      0.98      0.91       721
           4       0.85      0.89      0.87       477
           5       0.64      0.40      0.49       842

    accuracy                           0.78      4865
   macro avg       0.78      0.79      0.78      4865
weighted avg       0.77      0.78      0.77      4865

[2022-05-30 10:05:51,865 INFO] 
[[878   0  73   0   0   0]
 [  0 960   0   0  17   0]
 [ 75  16 498  93  57 158]
 [  0   0  12 709   0   0]
 [  9   0  17   0 423  28]
 [106   0 362  41   0 333]]
[2022-05-30 10:06:59,006 INFO] 
              precision    recall  f1-score   support

           0       0.00      0.00      0.00       955
           1       0.00      0.00      0.00       946
           2       0.56      0.32      0.41      1015
           3       0.08      0.06      0.07       582
           4       0.00      0.00      0.00       210
           5       0.04      0.12      0.06       992

    accuracy                           0.10      4700
   macro avg       0.11      0.08      0.09      4700
weighted avg       0.14      0.10      0.11      4700

[2022-05-30 10:06:59,013 INFO] 
[[  0   0   0   0   0 955]
 [  0   0   0   0   0 946]
 [315   0 323 173  64 140]
 [ 79   0  40  36   4 423]
 [ 94   0   0   0   0 116]
 [365   0 216 233  63 115]]
[2022-05-30 10:07:00,532 INFO] 
              precision    recall  f1-score   support

           0       0.00      0.00      0.00       955
           1       0.00      0.00      0.00       946
           2       0.52      0.30      0.38      1015
           3       0.10      0.07      0.08       582
           4       0.00      0.00      0.00       210
           5       0.04      0.10      0.05       992

    accuracy                           0.09      4700
   macro avg       0.11      0.08      0.08      4700
weighted avg       0.13      0.09      0.10      4700

[2022-05-30 10:07:00,538 INFO] 
[[  0   0   0   0   0 955]
 [  0   0   0   0   0 946]
 [308   0 302 174  59 172]
 [ 90   0  19  39   4 430]
 [ 94   0   0   0   0 116]
 [372   0 264 181  78  97]]
[2022-05-30 10:07:02,110 INFO] 
              precision    recall  f1-score   support

           0       0.00      0.00      0.00       955
           1       0.00      0.00      0.00       946
           2       0.49      0.27      0.35      1015
           3       0.09      0.06      0.07       582
           4       0.00      0.00      0.00       210
           5       0.04      0.10      0.06       992

    accuracy                           0.09      4700
   macro avg       0.10      0.07      0.08      4700
weighted avg       0.12      0.09      0.10      4700

[2022-05-30 10:07:02,116 INFO] 
[[  0   0   0   0   0 955]
 [  0   0   0   0   0 946]
 [281   0 276 189  73 196]
 [ 80   0  13  36   8 445]
 [ 94   0   0   0   0 116]
 [341   0 278 189  80 104]]
[2022-05-30 10:07:03,750 INFO] 
              precision    recall  f1-score   support

           0       0.00      0.00      0.00       955
           1       0.00      0.00      0.00       946
           2       0.48      0.23      0.32      1015
           3       0.08      0.07      0.07       582
           4       0.00      0.00      0.00       210
           5       0.04      0.10      0.05       992

    accuracy                           0.08      4700
   macro avg       0.10      0.07      0.07      4700
weighted avg       0.12      0.08      0.09      4700

[2022-05-30 10:07:03,756 INFO] 
[[  0   0   0   0   0 955]
 [  0   0   0   0   0 946]
 [264   0 238 220  83 210]
 [ 79   0   8  39  10 446]
 [  0   0   0   0   0 210]
 [330   0 248 226  84 104]]
[2022-05-30 10:07:05,372 INFO] 
              precision    recall  f1-score   support

           0       0.00      0.00      0.00       955
           1       0.00      0.00      0.00       946
           2       0.47      0.21      0.29      1015
           3       0.07      0.07      0.07       582
           4       0.00      0.00      0.00       210
           5       0.04      0.11      0.05       992

    accuracy                           0.08      4700
   macro avg       0.10      0.06      0.07      4700
weighted avg       0.12      0.08      0.08      4700

[2022-05-30 10:07:05,378 INFO] 
[[  0   0   0   0   0 955]
 [  0   0   0   0   0 946]
 [249   0 210 256  81 219]
 [ 80   0   8  38  11 445]
 [  0   0   0   0   0 210]
 [326   0 230 241  90 105]]
[2022-05-30 10:07:43,258 INFO] 
              precision    recall  f1-score   support

           0       1.00      0.44      0.61      1032
           1       0.95      0.99      0.97       997
           2       0.55      0.67      0.60       936
           3       0.83      0.66      0.74       903
           4       0.41      0.99      0.58       579
           5       0.73      0.47      0.57       966

    accuracy                           0.68      5413
   macro avg       0.74      0.71      0.68      5413
weighted avg       0.77      0.68      0.69      5413

[2022-05-30 10:07:43,264 INFO] 
[[458   7  89   0 478   0]
 [  0 985   0   0   0  12]
 [  0  15 629  92  80 120]
 [  0  32  84 599 149  39]
 [  0   1   0   3 575   0]
 [  0   0 344  32 136 454]]
[2022-05-30 10:07:44,684 INFO] 
              precision    recall  f1-score   support

           0       1.00      0.44      0.62      1032
           1       0.92      0.99      0.95       997
           2       0.59      0.61      0.60       936
           3       0.73      0.86      0.79       903
           4       0.40      0.80      0.53       579
           5       0.71      0.51      0.59       966

    accuracy                           0.69      5413
   macro avg       0.72      0.70      0.68      5413
weighted avg       0.75      0.69      0.69      5413

[2022-05-30 10:07:44,690 INFO] 
[[459  38  57   0 478   0]
 [  0 986   0   0   0  11]
 [  1  12 571 132  58 162]
 [  0  33  37 773  31  29]
 [  0   0   0 115 464   0]
 [  0   0 298  37 141 490]]
[2022-05-30 10:07:46,133 INFO] 
              precision    recall  f1-score   support

           0       1.00      0.89      0.94      1032
           1       0.96      0.99      0.97       997
           2       0.58      0.64      0.61       936
           3       0.80      0.89      0.84       903
           4       0.66      0.93      0.77       579
           5       0.73      0.46      0.56       966

    accuracy                           0.79      5413
   macro avg       0.79      0.80      0.78      5413
weighted avg       0.80      0.79      0.79      5413

[2022-05-30 10:07:46,139 INFO] 
[[920  24  71   0  17   0]
 [  0 986   0   0   0  11]
 [  2   5 602 124  74 129]
 [  0  14  35 802  29  23]
 [  0   0   0  43 536   0]
 [  0   0 330  36 158 442]]
[2022-05-30 10:07:47,565 INFO] 
              precision    recall  f1-score   support

           0       0.99      0.91      0.95      1032
           1       0.97      0.99      0.98       997
           2       0.57      0.67      0.62       936
           3       0.82      0.90      0.86       903
           4       0.68      0.96      0.79       579
           5       0.76      0.43      0.55       966

    accuracy                           0.80      5413
   macro avg       0.80      0.81      0.79      5413
weighted avg       0.81      0.80      0.79      5413

[2022-05-30 10:07:47,571 INFO] 
[[937  11  84   0   0   0]
 [  0 987   0   0   0  10]
 [  7   6 629 120  78  96]
 [  0  14  27 809  26  27]
 [  3   0   0  23 553   0]
 [  1   0 359  35 156 415]]
[2022-05-30 10:07:49,111 INFO] 
              precision    recall  f1-score   support

           0       0.98      0.91      0.94      1032
           1       0.98      0.99      0.98       997
           2       0.58      0.67      0.62       936
           3       0.78      0.90      0.84       903
           4       0.66      0.88      0.75       579
           5       0.76      0.43      0.55       966

    accuracy                           0.79      5413
   macro avg       0.79      0.80      0.78      5413
weighted avg       0.80      0.79      0.79      5413

[2022-05-30 10:07:49,117 INFO] 
[[937  10  85   0   0   0]
 [  0 987   0   0   0  10]
 [  8   6 629 127  74  92]
 [  0   9  23 815  31  25]
 [ 10   0   0  59 510   0]
 [  2   0 354  40 158 412]]
[2022-05-30 10:20:45,819 INFO] 
              precision    recall  f1-score   support

           0       0.87      0.46      0.60      1032
           1       0.88      0.96      0.92       997
           2       0.37      0.53      0.44       936
           3       0.70      0.77      0.73       903
           4       0.00      0.00      0.00       579
           5       0.60      0.57      0.59       966

    accuracy                           0.59      5413
   macro avg       0.57      0.55      0.55      5413
weighted avg       0.62      0.59      0.59      5413

[2022-05-30 10:20:45,826 INFO] 
[[478   4  80   0 421  49]
 [  5 959  31   0   0   2]
 [ 38  22 493 110  23 250]
 [ 13  96  24 699   3  68]
 [  2   0 463 114   0   0]
 [ 13  13 230  82  74 554]]
[2022-05-30 10:20:47,249 INFO] 
              precision    recall  f1-score   support

           0       0.94      0.46      0.62      1032
           1       0.92      0.95      0.94       997
           2       0.58      0.65      0.61       936
           3       0.72      0.89      0.80       903
           4       0.76      0.80      0.78       579
           5       0.43      0.49      0.46       966

    accuracy                           0.70      5413
   macro avg       0.73      0.71      0.70      5413
weighted avg       0.73      0.70      0.70      5413

[2022-05-30 10:20:47,255 INFO] 
[[478   2  98   0   5 449]
 [  6 948  42   0   1   0]
 [ 19  25 606 107  34 145]
 [  0  29  19 804  10  41]
 [  0   0   0 116 463   0]
 [  4  21 287  84  93 477]]
[2022-05-30 10:20:48,621 INFO] 
              precision    recall  f1-score   support

           0       0.94      0.46      0.62      1032
           1       0.93      0.94      0.94       997
           2       0.57      0.61      0.59       936
           3       0.72      0.90      0.80       903
           4       0.43      0.80      0.56       579
           5       0.67      0.47      0.56       966

    accuracy                           0.69      5413
   macro avg       0.71      0.70      0.68      5413
weighted avg       0.74      0.69      0.69      5413

[2022-05-30 10:20:48,628 INFO] 
[[478   4  93   0 455   2]
 [  0 939  49   0   9   0]
 [ 26  13 574 106  33 184]
 [  0  20  16 815  12  40]
 [  0   0   0 116 463   0]
 [  3  31 270 102 102 458]]
[2022-05-30 10:20:50,218 INFO] 
              precision    recall  f1-score   support

           0       0.96      0.46      0.63      1032
           1       0.91      0.94      0.92       997
           2       0.61      0.63      0.62       936
           3       0.71      0.91      0.80       903
           4       0.41      0.80      0.54       579
           5       0.71      0.47      0.56       966

    accuracy                           0.69      5413
   macro avg       0.72      0.70      0.68      5413
weighted avg       0.75      0.69      0.69      5413

[2022-05-30 10:20:50,224 INFO] 
[[478  17  48   0 489   0]
 [  0 935  56   0   6   0]
 [ 16  16 590 119  41 154]
 [  0  23  16 822  16  26]
 [  0   0   0 116 463   0]
 [  2  35 254 103 122 450]]
[2022-05-30 10:20:51,794 INFO] 
              precision    recall  f1-score   support

           0       0.96      0.46      0.63      1032
           1       0.93      0.94      0.93       997
           2       0.59      0.65      0.62       936
           3       0.72      0.92      0.81       903
           4       0.54      0.80      0.64       579
           5       0.50      0.46      0.48       966

    accuracy                           0.69      5413
   macro avg       0.71      0.70      0.68      5413
weighted avg       0.73      0.69      0.69      5413

[2022-05-30 10:20:51,803 INFO] 
[[478  12  74   0 214 254]
 [  0 934  57   0   6   0]
 [ 17  14 605 112  38 150]
 [  0  10  18 831  13  31]
 [  0   0   0 116 463   0]
 [  2  33 265  97 126 443]]
